<?xml version="1.0" encoding="UTF-8"?>
<!-- Generated by org.testng.reporters.JUnitXMLReporter -->
<testsuite ignored="0" hostname="SKY-4DL5RV2-10" failures="1" tests="2" name="Test" time="42.237" errors="0" timestamp="14 Feb 2021 15:45:03 GMT">
  <testcase classname="testcases.FlightSearchTest" name="searchFlight" time="14.411">
    <failure type="java.lang.AssertionError" message="expected [true] but found [false]">
      <![CDATA[java.lang.AssertionError: expected [true] but found [false]
at testcases.FlightSearchTest.searchFlight(FlightSearchTest.java:42)
at java.base/java.util.concurrent.ThreadPoolExecutor.runWorker(ThreadPoolExecutor.java:1130)
at java.base/java.util.concurrent.ThreadPoolExecutor$Worker.run(ThreadPoolExecutor.java:630)
at java.base/java.lang.Thread.run(Thread.java:832)
... Removed 14 stack frames]]>
    </failure>
  </testcase> <!-- searchFlight -->
  <testcase classname="testcases.HotelSearchTest" name="searchHotel" time="17.004"/>
</testsuite> <!-- Test -->
